<?xml version="1.0" encoding="UTF-8"?>
<robot generator="Robot 5.0.1 (Python 3.10.8 on darwin)" generated="20221020 09:48:53.465" rpa="false" schemaversion="3">
<suite id="s1" name="TestCase" source="/Users/romeodizon/Documents/Trainings/automation/TestCase.robot">
<test id="s1-t1" name="Verify Successful Login to OrangeHRM" line="7">
<kw name="Open Browser" library="SeleniumLibrary">
<arg>https://www.google.com/</arg>
<arg>Chrome</arg>
<doc>Opens a new browser instance to the optional ``url``.</doc>
<msg timestamp="20221020 09:48:53.659" level="INFO">Opening browser 'Chrome' to base url 'https://www.google.com/'.</msg>
<status status="PASS" starttime="20221020 09:48:53.659" endtime="20221020 09:49:02.069"/>
</kw>
<status status="PASS" starttime="20221020 09:48:53.658" endtime="20221020 09:49:02.070"/>
</test>
<status status="PASS" starttime="20221020 09:48:53.466" endtime="20221020 09:49:02.071"/>
</suite>
<statistics>
<total>
<stat pass="1" fail="0" skip="0">All Tests</stat>
</total>
<tag>
</tag>
<suite>
<stat pass="1" fail="0" skip="0" id="s1" name="TestCase">TestCase</stat>
</suite>
</statistics>
<errors>
</errors>
</robot>
